<?xml version="1.0" encoding="UTF-8"?>
<testsuite name="com.exemple.AppTest" tests="1" skipped="0" failures="0" errors="0" timestamp="2025-04-29T01:33:13" hostname="ubuntu-ceh" time="0.006">
  <properties/>
  <testcase name="testApp" classname="com.exemple.AppTest" time="0.006"/>
  <system-out><![CDATA[]]></system-out>
  <system-err><![CDATA[]]></system-err>
</testsuite>
